mode: set
github.com/newmohib/go-lang-bookings-app/cmd/web/main.go:29.13,32.16 2 0
github.com/newmohib/go-lang-bookings-app/cmd/web/main.go:36.2,43.16 4 0
github.com/newmohib/go-lang-bookings-app/cmd/web/main.go:32.16,34.3 1 0
github.com/newmohib/go-lang-bookings-app/cmd/web/main.go:47.19,68.16 10 1
github.com/newmohib/go-lang-bookings-app/cmd/web/main.go:73.2,81.12 6 1
github.com/newmohib/go-lang-bookings-app/cmd/web/main.go:68.16,72.3 3 0
github.com/newmohib/go-lang-bookings-app/cmd/web/middleware.go:10.53,12.71 1 1
github.com/newmohib/go-lang-bookings-app/cmd/web/middleware.go:12.71,15.3 2 0
github.com/newmohib/go-lang-bookings-app/cmd/web/middleware.go:20.45,33.2 3 1
github.com/newmohib/go-lang-bookings-app/cmd/web/middleware.go:36.50,40.2 1 1
github.com/newmohib/go-lang-bookings-app/cmd/web/routes.go:13.49,55.2 19 1
